<?xml version="1.0" encoding="utf-8"?><testsuites><testsuite name="pytest" errors="0" failures="0" skipped="0" tests="16" time="0.080" timestamp="2025-03-21T17:21:20.445550+01:00" hostname="MacBook-Pro.local"><testcase classname="test_api_endpoints" name="test_generate_video" time="0.007" /><testcase classname="test_api_endpoints" name="test_auto_mode_video" time="0.003" /><testcase classname="test_api_endpoints" name="test_get_video_info" time="0.002" /><testcase classname="test_api_endpoints" name="test_export_to_platforms" time="0.002" /><testcase classname="test_api_endpoints" name="test_get_export_status" time="0.002" /><testcase classname="test_api_endpoints" name="test_get_video_exports" time="0.002" /><testcase classname="test_api_endpoints" name="test_get_export_platforms" time="0.002" /><testcase classname="test_api_endpoints" name="test_generate_thumbnail_variants" time="0.003" /><testcase classname="test_api_endpoints" name="test_track_thumbnail_performance" time="0.002" /><testcase classname="test_api_endpoints" name="test_get_thumbnail_results" time="0.003" /><testcase classname="test_api_endpoints" name="test_list_scheduled_tasks" time="0.004" /><testcase classname="test_api_endpoints" name="test_schedule_video_creation" time="0.003" /><testcase classname="test_api_endpoints" name="test_get_optimal_publishing_times" time="0.002" /><testcase classname="test_api_endpoints" name="test_recommend_for_video" time="0.002" /><testcase classname="test_api_endpoints" name="test_recommend_similar_tracks" time="0.002" /><testcase classname="test_api_endpoints" name="test_get_trending_tracks" time="0.002" /></testsuite></testsuites>