<?xml version="1.0" encoding="utf-8"?><testsuites><testsuite name="pytest" errors="0" failures="0" skipped="0" tests="3" time="0.098" timestamp="2025-03-21T17:18:57.313618+01:00" hostname="MacBook-Pro.local"><testcase classname="test_thumbnail_optimization" name="test_thumbnail_variant_generation" time="0.059" /><testcase classname="test_thumbnail_optimization" name="test_ab_testing" time="0.000" /><testcase classname="test_thumbnail_optimization" name="test_optimization_recommendations" time="0.029" /></testsuite></testsuites>