<?xml version="1.0" encoding="utf-8"?><testsuites><testsuite name="pytest" errors="0" failures="0" skipped="0" tests="4" time="0.344" timestamp="2025-03-21T17:21:20.550393+01:00" hostname="MacBook-Pro.local"><testcase classname="test_implemented_features.TestTikTokIntegration" name="test_publish_video" time="0.002" /><testcase classname="test_implemented_features" name="test_get_video_by_id" time="0.000" /><testcase classname="test_implemented_features" name="test_update_video" time="0.000" /><testcase classname="test_implemented_features.TestContentAnalysis" name="test_basic_content_analysis" time="0.000" /></testsuite></testsuites>