<?xml version="1.0" encoding="utf-8"?><testsuites><testsuite name="pytest" errors="1" failures="0" skipped="0" tests="5" time="0.013" timestamp="2025-03-21T17:18:57.430150+01:00" hostname="MacBook-Pro.local"><testcase classname="test_scheduler" name="test_schedule_task" time="0.001" /><testcase classname="test_scheduler" name="test_cancel_task" time="0.000"><error message="failed on setup with &quot;file /Users/emilsoujeh/EnlighterProjects/project-035/test_scheduler.py, line 60&#10;  def test_cancel_task(task_id: str):&#10;E       fixture 'task_id' not found&#10;&gt;       available fixtures: anyio_backend, anyio_backend_name, anyio_backend_options, cache, capfd, capfdbinary, caplog, capsys, capsysbinary, cov, doctest_namespace, free_tcp_port, free_tcp_port_factory, free_udp_port, free_udp_port_factory, monkeypatch, no_cover, pytestconfig, record_property, record_testsuite_property, record_xml_attribute, recwarn, tmp_path, tmp_path_factory, tmpdir, tmpdir_factory&#10;&gt;       use 'pytest --fixtures [testpath]' for help on them.&#10;&#10;/Users/emilsoujeh/EnlighterProjects/project-035/test_scheduler.py:60&quot;">file /Users/emilsoujeh/EnlighterProjects/project-035/test_scheduler.py, line 60
  def test_cancel_task(task_id: str):
E       fixture 'task_id' not found
&gt;       available fixtures: anyio_backend, anyio_backend_name, anyio_backend_options, cache, capfd, capfdbinary, caplog, capsys, capsysbinary, cov, doctest_namespace, free_tcp_port, free_tcp_port_factory, free_udp_port, free_udp_port_factory, monkeypatch, no_cover, pytestconfig, record_property, record_testsuite_property, record_xml_attribute, recwarn, tmp_path, tmp_path_factory, tmpdir, tmpdir_factory
&gt;       use 'pytest --fixtures [testpath]' for help on them.

/Users/emilsoujeh/EnlighterProjects/project-035/test_scheduler.py:60</error></testcase><testcase classname="test_scheduler" name="test_batch_processing" time="0.001" /><testcase classname="test_scheduler" name="test_optimal_publishing_times" time="0.000" /><testcase classname="test_scheduler" name="test_filtered_tasks" time="0.001" /></testsuite></testsuites>