<?xml version="1.0" encoding="utf-8"?><testsuites><testsuite name="pytest" errors="0" failures="1" skipped="0" tests="2" time="7.888" timestamp="2025-03-21T17:21:20.913617+01:00" hostname="MacBook-Pro.local"><testcase classname="test_core_features" name="test_thumbnail_optimizer" time="0.033" /><testcase classname="test_core_features" name="test_social_publishing" time="0.001"><failure message="AttributeError: 'CrossPlatformPublisher' object has no attribute 'format_metadata_for_platform'">def test_social_publishing():
        """Test the social media publishing feature."""
        print("\n=== Testing Social Media Publishing ===")
    
        # Get the cross-platform publisher
        publisher = get_cross_platform_publisher()
    
        # Test metadata formatting
        metadata = {
            "title": "Test Video",
            "description": "This is a test video description",
            "hashtags": ["test", "video", "shorts"]
        }
    
        print("Testing metadata formatting for platforms:")
        for platform in Platform:
&gt;           formatted = publisher.format_metadata_for_platform(metadata, platform)
E           AttributeError: 'CrossPlatformPublisher' object has no attribute 'format_metadata_for_platform'

test_core_features.py:90: AttributeError</failure></testcase><testcase time="0.000" /></testsuite></testsuites>